{"C:\\Users\\laura\\OneDrive\\Documentos\\Recetas\\recetas-react\\src\\components\\shared\\confirm-dialog\\ConfirmDialog.tsx": {"path":"C:\\Users\\laura\\OneDrive\\Documentos\\Recetas\\recetas-react\\src\\components\\shared\\confirm-dialog\\ConfirmDialog.tsx","statementMap":{"0":{"start":{"line":26,"column":1},"end":{"line":35,"column":null}},"1":{"start":{"line":27,"column":2},"end":{"line":31,"column":null}},"2":{"start":{"line":28,"column":3},"end":{"line":28,"column":null}},"3":{"start":{"line":30,"column":3},"end":{"line":30,"column":null}},"4":{"start":{"line":32,"column":2},"end":{"line":34,"column":null}},"5":{"start":{"line":33,"column":3},"end":{"line":33,"column":null}},"6":{"start":{"line":37,"column":1},"end":{"line":45,"column":null}},"7":{"start":{"line":38,"column":24},"end":{"line":42,"column":null}},"8":{"start":{"line":39,"column":3},"end":{"line":39,"column":null}},"9":{"start":{"line":39,"column":16},"end":{"line":39,"column":null}},"10":{"start":{"line":40,"column":3},"end":{"line":40,"column":null}},"11":{"start":{"line":40,"column":27},"end":{"line":40,"column":null}},"12":{"start":{"line":41,"column":3},"end":{"line":41,"column":null}},"13":{"start":{"line":41,"column":26},"end":{"line":41,"column":null}},"14":{"start":{"line":43,"column":2},"end":{"line":43,"column":null}},"15":{"start":{"line":44,"column":2},"end":{"line":44,"column":null}},"16":{"start":{"line":44,"column":15},"end":{"line":44,"column":null}},"17":{"start":{"line":47,"column":1},"end":{"line":47,"column":null}},"18":{"start":{"line":47,"column":14},"end":{"line":47,"column":null}},"19":{"start":{"line":49,"column":17},"end":{"line":58,"column":null}},"20":{"start":{"line":50,"column":2},"end":{"line":57,"column":null}},"21":{"start":{"line":52,"column":4},"end":{"line":52,"column":null}},"22":{"start":{"line":54,"column":4},"end":{"line":54,"column":null}},"23":{"start":{"line":56,"column":4},"end":{"line":56,"column":null}},"24":{"start":{"line":60,"column":1},"end":{"line":77,"column":null}},"25":{"start":{"line":62,"column":51},"end":{"line":62,"column":null}}},"fnMap":{"0":{"name":"ConfirmDialog","decl":{"start":{"line":16,"column":16},"end":{"line":16,"column":30}},"loc":{"start":{"line":25,"column":23},"end":{"line":79,"column":null}},"line":25},"1":{"name":"(anonymous_1)","decl":{"start":{"line":26,"column":11},"end":{"line":26,"column":17}},"loc":{"start":{"line":26,"column":17},"end":{"line":35,"column":4}},"line":26},"2":{"name":"(anonymous_2)","decl":{"start":{"line":32,"column":9},"end":{"line":32,"column":15}},"loc":{"start":{"line":32,"column":15},"end":{"line":34,"column":null}},"line":32},"3":{"name":"(anonymous_3)","decl":{"start":{"line":37,"column":11},"end":{"line":37,"column":17}},"loc":{"start":{"line":37,"column":17},"end":{"line":45,"column":4}},"line":37},"4":{"name":"(anonymous_4)","decl":{"start":{"line":38,"column":24},"end":{"line":38,"column":25}},"loc":{"start":{"line":38,"column":46},"end":{"line":42,"column":null}},"line":38},"5":{"name":"(anonymous_5)","decl":{"start":{"line":44,"column":9},"end":{"line":44,"column":15}},"loc":{"start":{"line":44,"column":15},"end":{"line":44,"column":null}},"line":44},"6":{"name":"(anonymous_6)","decl":{"start":{"line":49,"column":17},"end":{"line":49,"column":23}},"loc":{"start":{"line":49,"column":23},"end":{"line":58,"column":null}},"line":49},"7":{"name":"(anonymous_7)","decl":{"start":{"line":62,"column":44},"end":{"line":62,"column":45}},"loc":{"start":{"line":62,"column":51},"end":{"line":62,"column":null}},"line":62}},"branchMap":{"0":{"loc":{"start":{"line":20,"column":1},"end":{"line":20,"column":null}},"type":"default-arg","locations":[{"start":{"line":20,"column":15},"end":{"line":20,"column":null}}],"line":20},"1":{"loc":{"start":{"line":21,"column":1},"end":{"line":21,"column":null}},"type":"default-arg","locations":[{"start":{"line":21,"column":14},"end":{"line":21,"column":null}}],"line":21},"2":{"loc":{"start":{"line":22,"column":1},"end":{"line":22,"column":null}},"type":"default-arg","locations":[{"start":{"line":22,"column":8},"end":{"line":22,"column":null}}],"line":22},"3":{"loc":{"start":{"line":27,"column":2},"end":{"line":31,"column":null}},"type":"if","locations":[{"start":{"line":27,"column":2},"end":{"line":31,"column":null}},{"start":{"line":29,"column":9},"end":{"line":31,"column":null}}],"line":27},"4":{"loc":{"start":{"line":39,"column":3},"end":{"line":39,"column":null}},"type":"if","locations":[{"start":{"line":39,"column":3},"end":{"line":39,"column":null}},{"start":{},"end":{}}],"line":39},"5":{"loc":{"start":{"line":40,"column":3},"end":{"line":40,"column":null}},"type":"if","locations":[{"start":{"line":40,"column":3},"end":{"line":40,"column":null}},{"start":{},"end":{}}],"line":40},"6":{"loc":{"start":{"line":41,"column":3},"end":{"line":41,"column":null}},"type":"if","locations":[{"start":{"line":41,"column":3},"end":{"line":41,"column":null}},{"start":{},"end":{}}],"line":41},"7":{"loc":{"start":{"line":47,"column":1},"end":{"line":47,"column":null}},"type":"if","locations":[{"start":{"line":47,"column":1},"end":{"line":47,"column":null}},{"start":{},"end":{}}],"line":47},"8":{"loc":{"start":{"line":50,"column":2},"end":{"line":57,"column":null}},"type":"switch","locations":[{"start":{"line":51,"column":3},"end":{"line":52,"column":null}},{"start":{"line":53,"column":3},"end":{"line":54,"column":null}},{"start":{"line":55,"column":3},"end":{"line":56,"column":null}}],"line":50},"9":{"loc":{"start":{"line":71,"column":28},"end":{"line":71,"column":68}},"type":"cond-expr","locations":[{"start":{"line":71,"column":48},"end":{"line":71,"column":59}},{"start":{"line":71,"column":59},"end":{"line":71,"column":68}}],"line":71}},"s":{"0":8,"1":8,"2":7,"3":1,"4":8,"5":8,"6":8,"7":8,"8":0,"9":0,"10":0,"11":0,"12":0,"13":0,"14":8,"15":8,"16":8,"17":8,"18":1,"19":7,"20":7,"21":6,"22":0,"23":1,"24":7,"25":2},"f":{"0":8,"1":8,"2":8,"3":8,"4":0,"5":8,"6":7,"7":2},"b":{"0":[8],"1":[8],"2":[8],"3":[7,1],"4":[0,0],"5":[0,0],"6":[0,0],"7":[1,7],"8":[6,0,1],"9":[6,1]},"meta":{"lastBranch":10,"lastFunction":8,"lastStatement":26,"seen":{"f:16:16:16:30":0,"b:20:15:20:Infinity":0,"b:21:14:21:Infinity":1,"b:22:8:22:Infinity":2,"s:26:1:35:Infinity":0,"f:26:11:26:17":1,"b:27:2:31:Infinity:29:9:31:Infinity":3,"s:27:2:31:Infinity":1,"s:28:3:28:Infinity":2,"s:30:3:30:Infinity":3,"s:32:2:34:Infinity":4,"f:32:9:32:15":2,"s:33:3:33:Infinity":5,"s:37:1:45:Infinity":6,"f:37:11:37:17":3,"s:38:24:42:Infinity":7,"f:38:24:38:25":4,"b:39:3:39:Infinity:undefined:undefined:undefined:undefined":4,"s:39:3:39:Infinity":8,"s:39:16:39:Infinity":9,"b:40:3:40:Infinity:undefined:undefined:undefined:undefined":5,"s:40:3:40:Infinity":10,"s:40:27:40:Infinity":11,"b:41:3:41:Infinity:undefined:undefined:undefined:undefined":6,"s:41:3:41:Infinity":12,"s:41:26:41:Infinity":13,"s:43:2:43:Infinity":14,"s:44:2:44:Infinity":15,"f:44:9:44:15":5,"s:44:15:44:Infinity":16,"b:47:1:47:Infinity:undefined:undefined:undefined:undefined":7,"s:47:1:47:Infinity":17,"s:47:14:47:Infinity":18,"s:49:17:58:Infinity":19,"f:49:17:49:23":6,"b:51:3:52:Infinity:53:3:54:Infinity:55:3:56:Infinity":8,"s:50:2:57:Infinity":20,"s:52:4:52:Infinity":21,"s:54:4:54:Infinity":22,"s:56:4:56:Infinity":23,"s:60:1:77:Infinity":24,"f:62:44:62:45":7,"s:62:51:62:Infinity":25,"b:71:48:71:59:71:59:71:68":9}}}
,"C:\\Users\\laura\\OneDrive\\Documentos\\Recetas\\recetas-react\\src\\components\\shared\\modal\\Modal.tsx": {"path":"C:\\Users\\laura\\OneDrive\\Documentos\\Recetas\\recetas-react\\src\\components\\shared\\modal\\Modal.tsx","statementMap":{"0":{"start":{"line":13,"column":1},"end":{"line":23,"column":null}},"1":{"start":{"line":14,"column":2},"end":{"line":18,"column":null}},"2":{"start":{"line":15,"column":3},"end":{"line":15,"column":null}},"3":{"start":{"line":17,"column":3},"end":{"line":17,"column":null}},"4":{"start":{"line":20,"column":2},"end":{"line":22,"column":null}},"5":{"start":{"line":21,"column":3},"end":{"line":21,"column":null}},"6":{"start":{"line":25,"column":1},"end":{"line":25,"column":null}},"7":{"start":{"line":25,"column":14},"end":{"line":25,"column":null}},"8":{"start":{"line":27,"column":1},"end":{"line":38,"column":null}},"9":{"start":{"line":29,"column":50},"end":{"line":29,"column":null}}},"fnMap":{"0":{"name":"Modal","decl":{"start":{"line":12,"column":16},"end":{"line":12,"column":22}},"loc":{"start":{"line":12,"column":72},"end":{"line":40,"column":null}},"line":12},"1":{"name":"(anonymous_1)","decl":{"start":{"line":13,"column":11},"end":{"line":13,"column":17}},"loc":{"start":{"line":13,"column":17},"end":{"line":23,"column":4}},"line":13},"2":{"name":"(anonymous_2)","decl":{"start":{"line":20,"column":9},"end":{"line":20,"column":15}},"loc":{"start":{"line":20,"column":15},"end":{"line":22,"column":null}},"line":20},"3":{"name":"(anonymous_3)","decl":{"start":{"line":29,"column":43},"end":{"line":29,"column":44}},"loc":{"start":{"line":29,"column":50},"end":{"line":29,"column":null}},"line":29}},"branchMap":{"0":{"loc":{"start":{"line":14,"column":2},"end":{"line":18,"column":null}},"type":"if","locations":[{"start":{"line":14,"column":2},"end":{"line":18,"column":null}},{"start":{"line":16,"column":9},"end":{"line":18,"column":null}}],"line":14},"1":{"loc":{"start":{"line":25,"column":1},"end":{"line":25,"column":null}},"type":"if","locations":[{"start":{"line":25,"column":1},"end":{"line":25,"column":null}},{"start":{},"end":{}}],"line":25}},"s":{"0":6,"1":6,"2":5,"3":1,"4":6,"5":6,"6":6,"7":1,"8":5,"9":2},"f":{"0":6,"1":6,"2":6,"3":2},"b":{"0":[5,1],"1":[1,5]},"meta":{"lastBranch":2,"lastFunction":4,"lastStatement":10,"seen":{"f:12:16:12:22":0,"s:13:1:23:Infinity":0,"f:13:11:13:17":1,"b:14:2:18:Infinity:16:9:18:Infinity":0,"s:14:2:18:Infinity":1,"s:15:3:15:Infinity":2,"s:17:3:17:Infinity":3,"s:20:2:22:Infinity":4,"f:20:9:20:15":2,"s:21:3:21:Infinity":5,"b:25:1:25:Infinity:undefined:undefined:undefined:undefined":1,"s:25:1:25:Infinity":6,"s:25:14:25:Infinity":7,"s:27:1:38:Infinity":8,"f:29:43:29:44":3,"s:29:50:29:Infinity":9}}}
,"C:\\Users\\laura\\OneDrive\\Documentos\\Recetas\\recetas-react\\src\\components\\shared\\toast\\Toast.tsx": {"path":"C:\\Users\\laura\\OneDrive\\Documentos\\Recetas\\recetas-react\\src\\components\\shared\\toast\\Toast.tsx","statementMap":{"0":{"start":{"line":17,"column":1},"end":{"line":22,"column":null}},"1":{"start":{"line":20,"column":4},"end":{"line":20,"column":null}},"2":{"start":{"line":27,"column":1},"end":{"line":32,"column":null}},"3":{"start":{"line":28,"column":16},"end":{"line":30,"column":null}},"4":{"start":{"line":29,"column":3},"end":{"line":29,"column":null}},"5":{"start":{"line":31,"column":2},"end":{"line":31,"column":null}},"6":{"start":{"line":31,"column":15},"end":{"line":31,"column":null}},"7":{"start":{"line":34,"column":17},"end":{"line":45,"column":null}},"8":{"start":{"line":35,"column":2},"end":{"line":44,"column":null}},"9":{"start":{"line":37,"column":4},"end":{"line":37,"column":null}},"10":{"start":{"line":39,"column":4},"end":{"line":39,"column":null}},"11":{"start":{"line":41,"column":4},"end":{"line":41,"column":null}},"12":{"start":{"line":43,"column":4},"end":{"line":43,"column":null}},"13":{"start":{"line":47,"column":1},"end":{"line":54,"column":null}},"14":{"start":{"line":51,"column":50},"end":{"line":51,"column":70}}},"fnMap":{"0":{"name":"ToastContainer","decl":{"start":{"line":16,"column":16},"end":{"line":16,"column":31}},"loc":{"start":{"line":16,"column":65},"end":{"line":24,"column":null}},"line":16},"1":{"name":"(anonymous_1)","decl":{"start":{"line":19,"column":15},"end":{"line":19,"column":16}},"loc":{"start":{"line":20,"column":4},"end":{"line":20,"column":null}},"line":20},"2":{"name":"ToastItem","decl":{"start":{"line":26,"column":9},"end":{"line":26,"column":19}},"loc":{"start":{"line":26,"column":94},"end":{"line":56,"column":null}},"line":26},"3":{"name":"(anonymous_3)","decl":{"start":{"line":27,"column":11},"end":{"line":27,"column":17}},"loc":{"start":{"line":27,"column":17},"end":{"line":32,"column":4}},"line":27},"4":{"name":"(anonymous_4)","decl":{"start":{"line":28,"column":27},"end":{"line":28,"column":33}},"loc":{"start":{"line":28,"column":33},"end":{"line":30,"column":5}},"line":28},"5":{"name":"(anonymous_5)","decl":{"start":{"line":31,"column":9},"end":{"line":31,"column":15}},"loc":{"start":{"line":31,"column":15},"end":{"line":31,"column":null}},"line":31},"6":{"name":"(anonymous_6)","decl":{"start":{"line":34,"column":17},"end":{"line":34,"column":23}},"loc":{"start":{"line":34,"column":23},"end":{"line":45,"column":null}},"line":34},"7":{"name":"(anonymous_7)","decl":{"start":{"line":51,"column":44},"end":{"line":51,"column":50}},"loc":{"start":{"line":51,"column":50},"end":{"line":51,"column":70}},"line":51}},"branchMap":{"0":{"loc":{"start":{"line":35,"column":2},"end":{"line":44,"column":null}},"type":"switch","locations":[{"start":{"line":36,"column":3},"end":{"line":37,"column":null}},{"start":{"line":38,"column":3},"end":{"line":39,"column":null}},{"start":{"line":40,"column":3},"end":{"line":41,"column":null}},{"start":{"line":42,"column":3},"end":{"line":43,"column":null}}],"line":35}},"s":{"0":5,"1":6,"2":6,"3":6,"4":1,"5":6,"6":6,"7":6,"8":6,"9":2,"10":2,"11":1,"12":1,"13":6,"14":1},"f":{"0":5,"1":6,"2":6,"3":6,"4":1,"5":6,"6":6,"7":1},"b":{"0":[2,2,1,1]},"meta":{"lastBranch":1,"lastFunction":8,"lastStatement":15,"seen":{"f:16:16:16:31":0,"s:17:1:22:Infinity":0,"f:19:15:19:16":1,"s:20:4:20:Infinity":1,"f:26:9:26:19":2,"s:27:1:32:Infinity":2,"f:27:11:27:17":3,"s:28:16:30:Infinity":3,"f:28:27:28:33":4,"s:29:3:29:Infinity":4,"s:31:2:31:Infinity":5,"f:31:9:31:15":5,"s:31:15:31:Infinity":6,"s:34:17:45:Infinity":7,"f:34:17:34:23":6,"b:36:3:37:Infinity:38:3:39:Infinity:40:3:41:Infinity:42:3:43:Infinity":0,"s:35:2:44:Infinity":8,"s:37:4:37:Infinity":9,"s:39:4:39:Infinity":10,"s:41:4:41:Infinity":11,"s:43:4:43:Infinity":12,"s:47:1:54:Infinity":13,"f:51:44:51:50":7,"s:51:50:51:70":14}}}
,"C:\\Users\\laura\\OneDrive\\Documentos\\Recetas\\recetas-react\\src\\services\\auth.ts": {"path":"C:\\Users\\laura\\OneDrive\\Documentos\\Recetas\\recetas-react\\src\\services\\auth.ts","statementMap":{"0":{"start":{"line":6,"column":27},"end":{"line":34,"column":null}},"1":{"start":{"line":8,"column":19},"end":{"line":8,"column":null}},"2":{"start":{"line":9,"column":2},"end":{"line":9,"column":null}},"3":{"start":{"line":10,"column":2},"end":{"line":10,"column":null}},"4":{"start":{"line":11,"column":2},"end":{"line":11,"column":null}},"5":{"start":{"line":15,"column":19},"end":{"line":15,"column":null}},"6":{"start":{"line":16,"column":2},"end":{"line":16,"column":null}},"7":{"start":{"line":17,"column":2},"end":{"line":17,"column":null}},"8":{"start":{"line":18,"column":2},"end":{"line":18,"column":null}},"9":{"start":{"line":22,"column":2},"end":{"line":22,"column":null}},"10":{"start":{"line":23,"column":2},"end":{"line":23,"column":null}},"11":{"start":{"line":27,"column":15},"end":{"line":27,"column":null}},"12":{"start":{"line":28,"column":2},"end":{"line":28,"column":null}},"13":{"start":{"line":32,"column":2},"end":{"line":32,"column":null}}},"fnMap":{"0":{"name":"(anonymous_0)","decl":{"start":{"line":7,"column":7},"end":{"line":7,"column":13}},"loc":{"start":{"line":7,"column":53},"end":{"line":12,"column":null}},"line":7},"1":{"name":"(anonymous_1)","decl":{"start":{"line":14,"column":7},"end":{"line":14,"column":16}},"loc":{"start":{"line":14,"column":59},"end":{"line":19,"column":null}},"line":14},"2":{"name":"(anonymous_2)","decl":{"start":{"line":21,"column":1},"end":{"line":21,"column":16}},"loc":{"start":{"line":21,"column":16},"end":{"line":24,"column":null}},"line":21},"3":{"name":"(anonymous_3)","decl":{"start":{"line":26,"column":1},"end":{"line":26,"column":24}},"loc":{"start":{"line":26,"column":24},"end":{"line":29,"column":null}},"line":26},"4":{"name":"(anonymous_4)","decl":{"start":{"line":31,"column":1},"end":{"line":31,"column":28}},"loc":{"start":{"line":31,"column":28},"end":{"line":33,"column":null}},"line":31}},"branchMap":{"0":{"loc":{"start":{"line":28,"column":9},"end":{"line":28,"column":null}},"type":"cond-expr","locations":[{"start":{"line":28,"column":16},"end":{"line":28,"column":35}},{"start":{"line":28,"column":35},"end":{"line":28,"column":null}}],"line":28}},"s":{"0":1,"1":1,"2":1,"3":1,"4":1,"5":1,"6":1,"7":1,"8":1,"9":1,"10":1,"11":2,"12":2,"13":4},"f":{"0":1,"1":1,"2":1,"3":2,"4":4},"b":{"0":[1,1]},"meta":{"lastBranch":1,"lastFunction":5,"lastStatement":14,"seen":{"s:6:27:34:Infinity":0,"f:7:7:7:13":0,"s:8:19:8:Infinity":1,"s:9:2:9:Infinity":2,"s:10:2:10:Infinity":3,"s:11:2:11:Infinity":4,"f:14:7:14:16":1,"s:15:19:15:Infinity":5,"s:16:2:16:Infinity":6,"s:17:2:17:Infinity":7,"s:18:2:18:Infinity":8,"f:21:1:21:16":2,"s:22:2:22:Infinity":9,"s:23:2:23:Infinity":10,"f:26:1:26:24":3,"s:27:15:27:Infinity":11,"s:28:2:28:Infinity":12,"b:28:16:28:35:28:35:28:Infinity":0,"f:31:1:31:28":4,"s:32:2:32:Infinity":13}}}
}
